0 info it worked if it ends with ok
1 verbose cli [ '/usr/local/Cellar/node/6.2.2/bin/node',
1 verbose cli   '/usr/local/bin/npm',
1 verbose cli   'start' ]
2 info using npm@3.9.5
3 info using node@v6.2.2
4 verbose run-script [ 'prestart', 'start', 'poststart' ]
5 info lifecycle resume@0.0.1~prestart: resume@0.0.1
6 silly lifecycle resume@0.0.1~prestart: no script for prestart, continuing
7 info lifecycle resume@0.0.1~start: resume@0.0.1
8 verbose lifecycle resume@0.0.1~start: unsafe-perm in lifecycle true
9 verbose lifecycle resume@0.0.1~start: PATH: /usr/local/lib/node_modules/npm/bin/node-gyp-bin:/Users/Chaosky/Workspace/Project/resume/node_modules/.bin:/usr/local/Cellar/node/6.2.2/bin:/Users/Chaosky/.rvm/gems/ruby-2.3.0/bin:/Users/Chaosky/.rvm/gems/ruby-2.3.0@global/bin:/Users/Chaosky/.rvm/rubies/ruby-2.3.0/bin:/usr/local/bin:/usr/bin:/bin:/usr/sbin:/sbin:/opt/X11/bin:/Applications/Server.app/Contents/ServerRoot/usr/bin:/Applications/Server.app/Contents/ServerRoot/usr/sbin:/usr/local/go/bin:/usr/local/bin:/usr/bin:/bin:/usr/sbin:/sbin:/Users/Chaosky/.rvm/bin:/usr/local/opt/go/libexec/bin:/Users/Chaosky/Go/bin:/usr/local/opt/go/libexec/bin:/Users/Chaosky/.cabal/bin
10 verbose lifecycle resume@0.0.1~start: CWD: /Users/Chaosky/Workspace/Project/resume
11 silly lifecycle resume@0.0.1~start: Args: [ '-c', 'grunt build && grunt serve' ]
12 silly lifecycle resume@0.0.1~start: Returned: code: 6  signal: null
13 info lifecycle resume@0.0.1~start: Failed to exec start script
14 verbose stack Error: resume@0.0.1 start: `grunt build && grunt serve`
14 verbose stack Exit status 6
14 verbose stack     at EventEmitter.<anonymous> (/usr/local/lib/node_modules/npm/lib/utils/lifecycle.js:245:16)
14 verbose stack     at emitTwo (events.js:106:13)
14 verbose stack     at EventEmitter.emit (events.js:191:7)
14 verbose stack     at ChildProcess.<anonymous> (/usr/local/lib/node_modules/npm/lib/utils/spawn.js:24:14)
14 verbose stack     at emitTwo (events.js:106:13)
14 verbose stack     at ChildProcess.emit (events.js:191:7)
14 verbose stack     at maybeClose (internal/child_process.js:852:16)
14 verbose stack     at Process.ChildProcess._handle.onexit (internal/child_process.js:215:5)
15 verbose pkgid resume@0.0.1
16 verbose cwd /Users/Chaosky/Workspace/Project/resume
17 error Darwin 15.5.0
18 error argv "/usr/local/Cellar/node/6.2.2/bin/node" "/usr/local/bin/npm" "start"
19 error node v6.2.2
20 error npm  v3.9.5
21 error code ELIFECYCLE
22 error resume@0.0.1 start: `grunt build && grunt serve`
22 error Exit status 6
23 error Failed at the resume@0.0.1 start script 'grunt build && grunt serve'.
23 error Make sure you have the latest version of node.js and npm installed.
23 error If you do, this is most likely a problem with the resume package,
23 error not with npm itself.
23 error Tell the author that this fails on your system:
23 error     grunt build && grunt serve
23 error You can get information on how to open an issue for this project with:
23 error     npm bugs resume
23 error Or if that isn't available, you can get their info via:
23 error     npm owner ls resume
23 error There is likely additional logging output above.
24 verbose exit [ 1, true ]
